<?xml version="1.0" encoding="UTF-8"?>
<!-- Generated by org.testng.reporters.JUnitReportReporter -->
<testsuite hostname="LAPTOP-SGM82G62" failures="0" tests="1" name="com.cast.jenkinsdemo1.CreateOrgTest" time="4.670" errors="0" timestamp="2022-08-16T16:58:15 IST" skipped="0">
  <testcase classname="com.cast.jenkinsdemo1.CreateOrgTest" name="createOrgTest" time="4.670"/>
  <system-out/>
</testsuite> <!-- com.cast.jenkinsdemo1.CreateOrgTest -->
