<?xml version="1.0" encoding="UTF-8"?>
<!-- Generated by org.testng.reporters.JUnitReportReporter -->
<testsuite hostname="LAPTOP-SGM82G62" failures="0" tests="1" name="com.cast.jenkinsdemo1.CreateOrgTest" time="2.728" errors="0" timestamp="2022-08-16T21:39:19 IST" skipped="0">
  <testcase classname="com.cast.jenkinsdemo1.CreateOrgTest" name="createOrgTest" time="2.728"/>
  <system-out/>
</testsuite> <!-- com.cast.jenkinsdemo1.CreateOrgTest -->
